<?xml version="1.0" encoding="UTF-8"?>
<!-- Generated by org.testng.reporters.JUnitReportReporter -->
<testsuite hostname="IND-CHN-LT11154" failures="0" tests="2" name="Image.T008_C3157_C3158_C3162_To_verify_posting_an_image_UX_UI" time="151.729" errors="1" timestamp="07 Jun 2022 13:22:54 GMT" skipped="1">
  <testcase classname="Image.T008_C3157_C3158_C3162_To_verify_posting_an_image_UX_UI" name="T008_TestRailId_C3157_C3158_C3162_To_verify_posting_an_image_UX_UI" time="72.803">
    <error message="Expected condition failed: waiting for element to be clickable: Proxy element for: DefaultElementLocator &#039;By.xpath: //button//span[contains(text(),&#039;Accept&#039;)]&#039; (tried for 60 second(s) with 500 milliseconds interval)" type="org.openqa.selenium.TimeoutException">
      <![CDATA[org.openqa.selenium.TimeoutException: Expected condition failed: waiting for element to be clickable: Proxy element for: DefaultElementLocator 'By.xpath: //button//span[contains(text(),'Accept')]' (tried for 60 second(s) with 500 milliseconds interval)
at org.openqa.selenium.support.ui.WebDriverWait.timeoutException(WebDriverWait.java:95)
at org.openqa.selenium.support.ui.FluentWait.until(FluentWait.java:272)
at pagefactory.BasePage.waitUntilElementClickable(BasePage.java:63)
at pagefactory.BasePage.click(BasePage.java:54)
at pagefactory.allFunctions.login(allFunctions.java:66)
at Image.T008_C3157_C3158_C3162_To_verify_posting_an_image_UX_UI.T008_TestRailId_C3157_C3158_C3162_To_verify_posting_an_image_UX_UI(T008_C3157_C3158_C3162_To_verify_posting_an_image_UX_UI.java:37)
at java.base/jdk.internal.reflect.NativeMethodAccessorImpl.invoke0(Native Method)
at java.base/jdk.internal.reflect.NativeMethodAccessorImpl.invoke(NativeMethodAccessorImpl.java:64)
at java.base/jdk.internal.reflect.DelegatingMethodAccessorImpl.invoke(DelegatingMethodAccessorImpl.java:43)
at java.base/java.lang.reflect.Method.invoke(Method.java:564)
at org.testng.internal.MethodInvocationHelper.invokeMethod(MethodInvocationHelper.java:124)
at org.testng.internal.Invoker.invokeMethod(Invoker.java:583)
at org.testng.internal.Invoker.retryFailed(Invoker.java:839)
at org.testng.internal.Invoker.invokeTestMethods(Invoker.java:1010)
at org.testng.internal.TestMethodWorker.invokeTestMethods(TestMethodWorker.java:125)
at org.testng.internal.TestMethodWorker.run(TestMethodWorker.java:109)
at org.testng.TestRunner.privateRun(TestRunner.java:648)
at org.testng.TestRunner.run(TestRunner.java:505)
at org.testng.SuiteRunner.runTest(SuiteRunner.java:455)
at org.testng.SuiteRunner.runSequentially(SuiteRunner.java:450)
at org.testng.SuiteRunner.privateRun(SuiteRunner.java:415)
at org.testng.SuiteRunner.run(SuiteRunner.java:364)
at org.testng.SuiteRunnerWorker.runSuite(SuiteRunnerWorker.java:52)
at org.testng.SuiteRunnerWorker.run(SuiteRunnerWorker.java:84)
at org.testng.TestNG.runSuitesSequentially(TestNG.java:1208)
at org.testng.TestNG.runSuitesLocally(TestNG.java:1137)
at org.testng.TestNG.runSuites(TestNG.java:1049)
at org.testng.TestNG.run(TestNG.java:1017)
at org.testng.remote.AbstractRemoteTestNG.run(AbstractRemoteTestNG.java:115)
at org.testng.remote.RemoteTestNG.initAndRun(RemoteTestNG.java:251)
at org.testng.remote.RemoteTestNG.main(RemoteTestNG.java:77)
Caused by: org.openqa.selenium.NoSuchElementException: Failed to find element using By.xpath: //button//span[contains(text(),'Accept')]
For documentation on this error, please visit: http://seleniumhq.org/exceptions/no_such_element.html
Build info: version: '3.141.0', revision: '2ecb7d9a', time: '2018-10-31T20:09:30'
System info: host: 'IND-CHN-LT11154', ip: '172.20.80.1', os.name: 'Windows 10', os.arch: 'amd64', os.version: '10.0', java.version: '15.0.1'
Driver info: driver.version: unknown
at com.epam.healenium.handlers.proxy.BaseHandler.findElement(BaseHandler.java:67)
at com.epam.healenium.handlers.proxy.SelfHealingProxyInvocationHandler.invoke(SelfHealingProxyInvocationHandler.java:39)
at com.sun.proxy.$Proxy9.findElement(Unknown Source)
at org.openqa.selenium.support.pagefactory.DefaultElementLocator.findElement(DefaultElementLocator.java:69)
at org.openqa.selenium.support.pagefactory.internal.LocatingElementHandler.invoke(LocatingElementHandler.java:38)
at com.sun.proxy.$Proxy13.isDisplayed(Unknown Source)
at org.openqa.selenium.support.ui.ExpectedConditions.elementIfVisible(ExpectedConditions.java:314)
at org.openqa.selenium.support.ui.ExpectedConditions.access$000(ExpectedConditions.java:43)
at org.openqa.selenium.support.ui.ExpectedConditions$10.apply(ExpectedConditions.java:300)
at org.openqa.selenium.support.ui.ExpectedConditions$10.apply(ExpectedConditions.java:297)
at org.openqa.selenium.support.ui.ExpectedConditions$23.apply(ExpectedConditions.java:670)
at org.openqa.selenium.support.ui.ExpectedConditions$23.apply(ExpectedConditions.java:666)
at org.openqa.selenium.support.ui.FluentWait.until(FluentWait.java:249)
... 29 more
Caused by: java.lang.NullPointerException: Cannot invoke "com.epam.healenium.model.LastHealingDataDto.getPaths()" because "lastHealingDataDto" is null
at com.epam.healenium.processor.HealingProcessor.validate(HealingProcessor.java:22)
at com.epam.healenium.processor.BaseProcessor.process(BaseProcessor.java:40)
at com.epam.healenium.processor.BaseProcessor.process(BaseProcessor.java:49)
at com.epam.healenium.processor.BaseProcessor.process(BaseProcessor.java:49)
at com.epam.healenium.handlers.proxy.BaseHandler.findElement(BaseHandler.java:58)
... 41 more
]]>
    </error>
  </testcase> <!-- T008_TestRailId_C3157_C3158_C3162_To_verify_posting_an_image_UX_UI -->
  <testcase classname="Image.T008_C3157_C3158_C3162_To_verify_posting_an_image_UX_UI" name="T008_TestRailId_C3157_C3158_C3162_To_verify_posting_an_image_UX_UI" time="78.926">
    <skipped/>
  </testcase> <!-- T008_TestRailId_C3157_C3158_C3162_To_verify_posting_an_image_UX_UI -->
</testsuite> <!-- Image.T008_C3157_C3158_C3162_To_verify_posting_an_image_UX_UI -->
